<?xml version="1.0" encoding="UTF-8"?>
<testsuite xmlns:xsi="http://www.w3.org/2001/XMLSchema-instance" xsi:noNamespaceSchemaLocation="https://maven.apache.org/surefire/maven-surefire-plugin/xsd/surefire-test-report-3.0.xsd" version="3.0" name="com.mediplus.api.PacientesTest" time="0.068" tests="3" errors="0" skipped="0" failures="0">
  <properties>
[...]
</properties>
  <testcase name="registrarPacienteDatosInvalidos" classname="com.mediplus.api.PacientesTest" time="0.042"/>
  <testcase name="obtenerListaPacientes" classname="com.mediplus.api.PacientesTest" time="0.011"/>
  <testcase name="registrarPaciente" classname="com.mediplus.api.PacientesTest" time="0.013"/>
</testsuite>